<?xml version="1.0" encoding="UTF-8"?>
<!-- Generated by org.testng.reporters.JUnitReportReporter -->
<testsuite hostname="DESKTOP-2J0JQFS" failures="0" tests="1" name="TestCases.Test_ValidLogin" time="3.874" errors="0" timestamp="2023-12-24T23:41:13 IST" skipped="0">
  <testcase classname="TestCases.Test_ValidLogin" name="test_validLogin" time="3.874"/>
</testsuite> <!-- TestCases.Test_ValidLogin -->
