<?xml version="1.0" encoding="UTF-8"?>
<!-- Generated by org.testng.reporters.JUnitReportReporter -->
<testsuite hostname="DESKTOP-2J0JQFS" failures="0" tests="1" name="TestCases.LoginTest" time="3.631" errors="0" timestamp="2023-12-24T09:58:08 IST" skipped="0">
  <testcase classname="TestCases.LoginTest" name="test_validLogin" time="3.631"/>
</testsuite> <!-- TestCases.LoginTest -->
